<?xml version="1.0" encoding="UTF-8"?>
<!-- Generated by org.testng.reporters.JUnitReportReporter -->
<testsuite hostname="5CG82612KZ" failures="0" tests="1" name="com.pia.user_testscript.ManageUsers" time="69.689" errors="0" timestamp="2024-12-23T12:04:23 IST" skipped="0">
  <testcase classname="com.pia.user_testscript.ManageUsers" name="verfiyPia007UserDelete" time="69.689"/>
</testsuite> <!-- com.pia.user_testscript.ManageUsers -->
