<?xml version="1.0" encoding="UTF-8"?>
<!-- Generated by org.testng.reporters.JUnitReportReporter -->
<testsuite hostname="5CG82612KZ" failures="0" tests="1" name="com.pia.user_testscript.ScriptUsersNewAccount" time="20.482" errors="0" timestamp="2025-01-01T23:48:59 IST" skipped="0">
  <testcase classname="com.pia.user_testscript.ScriptUsersNewAccount" name="verifyTC011_WithoutSelectBrandMessage" time="20.482"/>
</testsuite> <!-- com.pia.user_testscript.ScriptUsersNewAccount -->
