<?xml version="1.0" encoding="UTF-8"?>
<!-- Generated by org.testng.reporters.JUnitReportReporter -->
<testsuite hostname="5CG82612KZ" failures="0" tests="1" name="com.pia.user_testscript.ScriptUsersNewAccount" time="16.571" errors="0" timestamp="2025-01-01T01:38:17 IST" skipped="0">
  <testcase classname="com.pia.user_testscript.ScriptUsersNewAccount" name="verifyTC013_UserCancelUserAccount" time="16.571"/>
</testsuite> <!-- com.pia.user_testscript.ScriptUsersNewAccount -->
