<?xml version="1.0" encoding="UTF-8"?>
<!-- Generated by org.testng.reporters.JUnitReportReporter -->
<testsuite hostname="5CG82612KZ" failures="0" tests="1" name="com.pia.testscript.Login" time="2.539" errors="0" timestamp="2024-12-17T10:35:59 IST" skipped="0">
  <testcase classname="com.pia.testscript.Login" name="pia001VerifyValidUser" time="2.539"/>
</testsuite> <!-- com.pia.testscript.Login -->
