<?xml version="1.0" encoding="UTF-8"?>
<!-- Generated by org.testng.reporters.JUnitReportReporter -->
<testsuite hostname="5CG82612KZ" failures="0" tests="1" name="com.pia.user_testscript.AddNewUserTest" time="73.578" errors="0" timestamp="2024-12-18T13:40:05 IST" skipped="0">
  <testcase classname="com.pia.user_testscript.AddNewUserTest" name="VerifyPia001UserNewAccount" time="73.578"/>
</testsuite> <!-- com.pia.user_testscript.AddNewUserTest -->
