<?xml version="1.0" encoding="UTF-8"?>
<!-- Generated by org.testng.reporters.JUnitReportReporter -->
<testsuite hostname="5CG82612KZ" failures="0" tests="1" name="com.pia.user_testscript.ScriptManageUsers" time="12.287" errors="0" timestamp="2025-01-03T12:53:03 IST" skipped="0">
  <testcase classname="com.pia.user_testscript.ScriptManageUsers" name="VerifyTC029_UserNameSearchFilter" time="12.287"/>
</testsuite> <!-- com.pia.user_testscript.ScriptManageUsers -->
