<?xml version="1.0" encoding="UTF-8"?>
<!-- Generated by org.testng.reporters.JUnitReportReporter -->
<testsuite hostname="5CG82612KZ" failures="0" tests="1" name="com.nits.pia.testscript.Login" time="0.904" errors="0" timestamp="2024-12-16T17:07:35 IST" skipped="0">
  <testcase classname="com.nits.pia.testscript.Login" name="pia001VerifyvalidUser" time="0.904"/>
</testsuite> <!-- com.nits.pia.testscript.Login -->
